<?xml version="1.0" encoding="UTF-8"?>
<testsuite name="JScriptTest" tests="1" skipped="0" failures="0" errors="0" timestamp="2021-05-26T17:56:44" hostname="DESKTOP-832BH2N" time="12.389">
  <properties/>
  <testcase name="jsExecutorTest" classname="JScriptTest" time="12.389"/>
  <system-out><![CDATA[20:56:44. [Test worker] INFO  TestBase - Start method -->jsExecutorTest
20:56:44. [Test worker] INFO  TestBase - With param---->[]
20:56:57. [Test worker] INFO  TestBase - End of method --->jsExecutorTest
]]></system-out>
  <system-err><![CDATA[]]></system-err>
</testsuite>
